<?xml version="1.0" encoding="UTF-8"?>
<testng-results skipped="2" failed="0" total="2" passed="0">
  <reporter-output>
  </reporter-output>
  <suite name="Search Customers in Admin Tab" duration-ms="2230" started-at="2017-11-11T11:50:51Z" finished-at="2017-11-11T11:50:53Z">
    <groups>
    </groups>
    <test name="Add Customer With Different Account Types Using Different User Roles Using Chrome" duration-ms="2230" started-at="2017-11-11T11:50:51Z" finished-at="2017-11-11T11:50:53Z">
      <class name="tests.myaccount.SearchCustomerTests">
        <test-method status="FAIL" signature="initializeBrowser(java.lang.String, java.lang.String, java.lang.String, java.lang.String, java.lang.reflect.Method, org.testng.ITestContext)[pri:0, instance:tests.myaccount.SearchCustomerTests@5dc0ff7d]" name="initializeBrowser" is-config="true" duration-ms="0" started-at="2017-11-11T22:50:51Z" finished-at="2017-11-11T22:50:51Z">
          <params>
            <param index="0">
              <value>
                <![CDATA[Google Chrome]]>
              </value>
            </param>
            <param index="1">
              <value>
                <![CDATA[https://myaccountdigitaltst.directenergy.com]]>
              </value>
            </param>
            <param index="2">
              <value>
                <![CDATA[NAB_Digital.xlsx]]>
              </value>
            </param>
            <param index="3">
              <value>
                <![CDATA[MyAccount]]>
              </value>
            </param>
            <param index="4">
              <value>
                <![CDATA[public void tests.myaccount.SearchCustomerTests.searchCustomersUsingDemandResponseCustomer()]]>
              </value>
            </param>
            <param index="5">
              <value>
                <![CDATA[org.testng.TestRunner@3bce8eda]]>
              </value>
            </param>
          </params>
          <exception class="java.lang.IllegalStateException">
            <message>
              <![CDATA[The path to the driver executable must be set by the webdriver.gecko.driver system property; for more information, see https://github.com/mozilla/geckodriver. The latest version can be downloaded from https://github.com/mozilla/geckodriver/releases]]>
            </message>
            <full-stacktrace>
              <![CDATA[java.lang.IllegalStateException: The path to the driver executable must be set by the webdriver.gecko.driver system property; for more information, see https://github.com/mozilla/geckodriver. The latest version can be downloaded from https://github.com/mozilla/geckodriver/releases
	at com.google.common.base.Preconditions.checkState(Preconditions.java:754)
	at org.openqa.selenium.remote.service.DriverService.findExecutable(DriverService.java:124)
	at org.openqa.selenium.firefox.GeckoDriverService.access$100(GeckoDriverService.java:41)
	at org.openqa.selenium.firefox.GeckoDriverService$Builder.findDefaultExecutable(GeckoDriverService.java:115)
	at org.openqa.selenium.remote.service.DriverService$Builder.build(DriverService.java:329)
	at org.openqa.selenium.firefox.FirefoxDriver.toExecutor(FirefoxDriver.java:207)
	at org.openqa.selenium.firefox.FirefoxDriver.<init>(FirefoxDriver.java:103)
	at org.openqa.selenium.firefox.FirefoxDriver.<init>(FirefoxDriver.java:99)
	at support.UiDriver.getDriver(UiDriver.java:84)
	at tests.TestSupporter.initializeBrowser(TestSupporter.java:101)
	at sun.reflect.NativeMethodAccessorImpl.invoke0(Native Method)
	at sun.reflect.NativeMethodAccessorImpl.invoke(NativeMethodAccessorImpl.java:62)
	at sun.reflect.DelegatingMethodAccessorImpl.invoke(DelegatingMethodAccessorImpl.java:43)
	at java.lang.reflect.Method.invoke(Method.java:498)
	at org.testng.internal.MethodInvocationHelper.invokeMethod(MethodInvocationHelper.java:80)
	at org.testng.internal.Invoker.invokeConfigurationMethod(Invoker.java:564)
	at org.testng.internal.Invoker.invokeConfigurations(Invoker.java:213)
	at org.testng.internal.Invoker.invokeMethod(Invoker.java:653)
	at org.testng.internal.Invoker.invokeTestMethod(Invoker.java:901)
	at org.testng.internal.Invoker.invokeTestMethods(Invoker.java:1231)
	at org.testng.internal.TestMethodWorker.invokeTestMethods(TestMethodWorker.java:127)
	at org.testng.internal.TestMethodWorker.run(TestMethodWorker.java:111)
	at org.testng.TestRunner.privateRun(TestRunner.java:767)
	at org.testng.TestRunner.run(TestRunner.java:617)
	at org.testng.SuiteRunner.runTest(SuiteRunner.java:334)
	at org.testng.SuiteRunner.access$000(SuiteRunner.java:37)
	at org.testng.SuiteRunner$SuiteWorker.run(SuiteRunner.java:368)
	at org.testng.internal.thread.ThreadUtil$2.call(ThreadUtil.java:64)
	at java.util.concurrent.FutureTask.run(FutureTask.java:266)
	at java.util.concurrent.ThreadPoolExecutor.runWorker(ThreadPoolExecutor.java:1149)
	at java.util.concurrent.ThreadPoolExecutor$Worker.run(ThreadPoolExecutor.java:624)
	at java.lang.Thread.run(Thread.java:748)
]]>
            </full-stacktrace>
          </exception> <!-- java.lang.IllegalStateException -->
          <reporter-output>
          </reporter-output>
        </test-method> <!-- initializeBrowser -->
        <test-method status="SKIP" signature="searchCustomersUsingDemandResponseCustomer()[pri:0, instance:tests.myaccount.SearchCustomerTests@5dc0ff7d]" name="searchCustomersUsingDemandResponseCustomer" duration-ms="503" started-at="2017-11-11T22:50:52Z" description="Admin User - Search Customers using Demand Response Customer" finished-at="2017-11-11T22:50:52Z">
          <reporter-output>
          </reporter-output>
        </test-method> <!-- searchCustomersUsingDemandResponseCustomer -->
        <test-method status="FAIL" signature="cleanUp(org.testng.ITestResult, java.lang.reflect.Method)[pri:0, instance:tests.myaccount.SearchCustomerTests@5dc0ff7d]" name="cleanUp" is-config="true" duration-ms="0" started-at="2017-11-11T22:50:53Z" finished-at="2017-11-11T22:50:53Z">
          <params>
            <param index="0">
              <value>
                <![CDATA[[TestResult name=searchCustomersUsingDemandResponseCustomer status=SKIP method=SearchCustomerTests.searchCustomersUsingDemandResponseCustomer()[pri:0, instance:tests.myaccount.SearchCustomerTests@5dc0ff7d] output={null}]]]>
              </value>
            </param>
            <param index="1">
              <value>
                <![CDATA[public void tests.myaccount.SearchCustomerTests.searchCustomersUsingDemandResponseCustomer()]]>
              </value>
            </param>
          </params>
          <exception class="java.lang.NullPointerException">
            <full-stacktrace>
              <![CDATA[java.lang.NullPointerException
	at tests.TestSupporter.cleanUp(TestSupporter.java:151)
	at sun.reflect.NativeMethodAccessorImpl.invoke0(Native Method)
	at sun.reflect.NativeMethodAccessorImpl.invoke(NativeMethodAccessorImpl.java:62)
	at sun.reflect.DelegatingMethodAccessorImpl.invoke(DelegatingMethodAccessorImpl.java:43)
	at java.lang.reflect.Method.invoke(Method.java:498)
	at org.testng.internal.MethodInvocationHelper.invokeMethod(MethodInvocationHelper.java:80)
	at org.testng.internal.Invoker.invokeConfigurationMethod(Invoker.java:564)
	at org.testng.internal.Invoker.invokeConfigurations(Invoker.java:213)
	at org.testng.internal.Invoker.invokeMethod(Invoker.java:786)
	at org.testng.internal.Invoker.invokeTestMethod(Invoker.java:901)
	at org.testng.internal.Invoker.invokeTestMethods(Invoker.java:1231)
	at org.testng.internal.TestMethodWorker.invokeTestMethods(TestMethodWorker.java:127)
	at org.testng.internal.TestMethodWorker.run(TestMethodWorker.java:111)
	at org.testng.TestRunner.privateRun(TestRunner.java:767)
	at org.testng.TestRunner.run(TestRunner.java:617)
	at org.testng.SuiteRunner.runTest(SuiteRunner.java:334)
	at org.testng.SuiteRunner.access$000(SuiteRunner.java:37)
	at org.testng.SuiteRunner$SuiteWorker.run(SuiteRunner.java:368)
	at org.testng.internal.thread.ThreadUtil$2.call(ThreadUtil.java:64)
	at java.util.concurrent.FutureTask.run(FutureTask.java:266)
	at java.util.concurrent.ThreadPoolExecutor.runWorker(ThreadPoolExecutor.java:1149)
	at java.util.concurrent.ThreadPoolExecutor$Worker.run(ThreadPoolExecutor.java:624)
	at java.lang.Thread.run(Thread.java:748)
]]>
            </full-stacktrace>
          </exception> <!-- java.lang.NullPointerException -->
          <reporter-output>
          </reporter-output>
        </test-method> <!-- cleanUp -->
        <test-method status="FAIL" signature="initializeBrowser(java.lang.String, java.lang.String, java.lang.String, java.lang.String, java.lang.reflect.Method, org.testng.ITestContext)[pri:0, instance:tests.myaccount.SearchCustomerTests@5dc0ff7d]" name="initializeBrowser" is-config="true" duration-ms="0" started-at="2017-11-11T22:50:53Z" finished-at="2017-11-11T22:50:53Z">
          <params>
            <param index="0">
              <value>
                <![CDATA[Google Chrome]]>
              </value>
            </param>
            <param index="1">
              <value>
                <![CDATA[https://myaccountdigitaltst.directenergy.com]]>
              </value>
            </param>
            <param index="2">
              <value>
                <![CDATA[NAB_Digital.xlsx]]>
              </value>
            </param>
            <param index="3">
              <value>
                <![CDATA[MyAccount]]>
              </value>
            </param>
            <param index="4">
              <value>
                <![CDATA[public void tests.myaccount.SearchCustomerTests.searchCustomersUsingDemandResponseVendorId()]]>
              </value>
            </param>
            <param index="5">
              <value>
                <![CDATA[org.testng.TestRunner@3bce8eda]]>
              </value>
            </param>
          </params>
          <exception class="java.lang.IllegalStateException">
            <message>
              <![CDATA[The path to the driver executable must be set by the webdriver.gecko.driver system property; for more information, see https://github.com/mozilla/geckodriver. The latest version can be downloaded from https://github.com/mozilla/geckodriver/releases]]>
            </message>
            <full-stacktrace>
              <![CDATA[java.lang.IllegalStateException: The path to the driver executable must be set by the webdriver.gecko.driver system property; for more information, see https://github.com/mozilla/geckodriver. The latest version can be downloaded from https://github.com/mozilla/geckodriver/releases
	at com.google.common.base.Preconditions.checkState(Preconditions.java:754)
	at org.openqa.selenium.remote.service.DriverService.findExecutable(DriverService.java:124)
	at org.openqa.selenium.firefox.GeckoDriverService.access$100(GeckoDriverService.java:41)
	at org.openqa.selenium.firefox.GeckoDriverService$Builder.findDefaultExecutable(GeckoDriverService.java:115)
	at org.openqa.selenium.remote.service.DriverService$Builder.build(DriverService.java:329)
	at org.openqa.selenium.firefox.FirefoxDriver.toExecutor(FirefoxDriver.java:207)
	at org.openqa.selenium.firefox.FirefoxDriver.<init>(FirefoxDriver.java:103)
	at org.openqa.selenium.firefox.FirefoxDriver.<init>(FirefoxDriver.java:99)
	at support.UiDriver.getDriver(UiDriver.java:84)
	at tests.TestSupporter.initializeBrowser(TestSupporter.java:101)
	at sun.reflect.NativeMethodAccessorImpl.invoke0(Native Method)
	at sun.reflect.NativeMethodAccessorImpl.invoke(NativeMethodAccessorImpl.java:62)
	at sun.reflect.DelegatingMethodAccessorImpl.invoke(DelegatingMethodAccessorImpl.java:43)
	at java.lang.reflect.Method.invoke(Method.java:498)
	at org.testng.internal.MethodInvocationHelper.invokeMethod(MethodInvocationHelper.java:80)
	at org.testng.internal.Invoker.invokeConfigurationMethod(Invoker.java:564)
	at org.testng.internal.Invoker.invokeConfigurations(Invoker.java:213)
	at org.testng.internal.Invoker.invokeMethod(Invoker.java:653)
	at org.testng.internal.Invoker.invokeTestMethod(Invoker.java:901)
	at org.testng.internal.Invoker.invokeTestMethods(Invoker.java:1231)
	at org.testng.internal.TestMethodWorker.invokeTestMethods(TestMethodWorker.java:127)
	at org.testng.internal.TestMethodWorker.run(TestMethodWorker.java:111)
	at org.testng.TestRunner.privateRun(TestRunner.java:767)
	at org.testng.TestRunner.run(TestRunner.java:617)
	at org.testng.SuiteRunner.runTest(SuiteRunner.java:334)
	at org.testng.SuiteRunner.access$000(SuiteRunner.java:37)
	at org.testng.SuiteRunner$SuiteWorker.run(SuiteRunner.java:368)
	at org.testng.internal.thread.ThreadUtil$2.call(ThreadUtil.java:64)
	at java.util.concurrent.FutureTask.run(FutureTask.java:266)
	at java.util.concurrent.ThreadPoolExecutor.runWorker(ThreadPoolExecutor.java:1149)
	at java.util.concurrent.ThreadPoolExecutor$Worker.run(ThreadPoolExecutor.java:624)
	at java.lang.Thread.run(Thread.java:748)
]]>
            </full-stacktrace>
          </exception> <!-- java.lang.IllegalStateException -->
          <reporter-output>
          </reporter-output>
        </test-method> <!-- initializeBrowser -->
        <test-method status="SKIP" signature="searchCustomersUsingDemandResponseVendorId()[pri:0, instance:tests.myaccount.SearchCustomerTests@5dc0ff7d]" name="searchCustomersUsingDemandResponseVendorId" duration-ms="8" started-at="2017-11-11T22:50:53Z" description="Admin User - Search Customers using Demand Response Vendor Id" finished-at="2017-11-11T22:50:53Z">
          <reporter-output>
          </reporter-output>
        </test-method> <!-- searchCustomersUsingDemandResponseVendorId -->
        <test-method status="FAIL" signature="cleanUp(org.testng.ITestResult, java.lang.reflect.Method)[pri:0, instance:tests.myaccount.SearchCustomerTests@5dc0ff7d]" name="cleanUp" is-config="true" duration-ms="0" started-at="2017-11-11T22:50:53Z" finished-at="2017-11-11T22:50:53Z">
          <params>
            <param index="0">
              <value>
                <![CDATA[[TestResult name=searchCustomersUsingDemandResponseVendorId status=SKIP method=SearchCustomerTests.searchCustomersUsingDemandResponseVendorId()[pri:0, instance:tests.myaccount.SearchCustomerTests@5dc0ff7d] output={null}]]]>
              </value>
            </param>
            <param index="1">
              <value>
                <![CDATA[public void tests.myaccount.SearchCustomerTests.searchCustomersUsingDemandResponseVendorId()]]>
              </value>
            </param>
          </params>
          <exception class="java.lang.NullPointerException">
            <full-stacktrace>
              <![CDATA[java.lang.NullPointerException
	at tests.TestSupporter.cleanUp(TestSupporter.java:151)
	at sun.reflect.NativeMethodAccessorImpl.invoke0(Native Method)
	at sun.reflect.NativeMethodAccessorImpl.invoke(NativeMethodAccessorImpl.java:62)
	at sun.reflect.DelegatingMethodAccessorImpl.invoke(DelegatingMethodAccessorImpl.java:43)
	at java.lang.reflect.Method.invoke(Method.java:498)
	at org.testng.internal.MethodInvocationHelper.invokeMethod(MethodInvocationHelper.java:80)
	at org.testng.internal.Invoker.invokeConfigurationMethod(Invoker.java:564)
	at org.testng.internal.Invoker.invokeConfigurations(Invoker.java:213)
	at org.testng.internal.Invoker.invokeMethod(Invoker.java:786)
	at org.testng.internal.Invoker.invokeTestMethod(Invoker.java:901)
	at org.testng.internal.Invoker.invokeTestMethods(Invoker.java:1231)
	at org.testng.internal.TestMethodWorker.invokeTestMethods(TestMethodWorker.java:127)
	at org.testng.internal.TestMethodWorker.run(TestMethodWorker.java:111)
	at org.testng.TestRunner.privateRun(TestRunner.java:767)
	at org.testng.TestRunner.run(TestRunner.java:617)
	at org.testng.SuiteRunner.runTest(SuiteRunner.java:334)
	at org.testng.SuiteRunner.access$000(SuiteRunner.java:37)
	at org.testng.SuiteRunner$SuiteWorker.run(SuiteRunner.java:368)
	at org.testng.internal.thread.ThreadUtil$2.call(ThreadUtil.java:64)
	at java.util.concurrent.FutureTask.run(FutureTask.java:266)
	at java.util.concurrent.ThreadPoolExecutor.runWorker(ThreadPoolExecutor.java:1149)
	at java.util.concurrent.ThreadPoolExecutor$Worker.run(ThreadPoolExecutor.java:624)
	at java.lang.Thread.run(Thread.java:748)
]]>
            </full-stacktrace>
          </exception> <!-- java.lang.NullPointerException -->
          <reporter-output>
          </reporter-output>
        </test-method> <!-- cleanUp -->
        <test-method status="FAIL" signature="testsTearDown()[pri:0, instance:tests.myaccount.SearchCustomerTests@5dc0ff7d]" name="testsTearDown" is-config="true" duration-ms="0" started-at="2017-11-11T22:50:58Z" finished-at="2017-11-11T22:50:58Z">
          <exception class="java.lang.UnsatisfiedLinkError">
            <message>
              <![CDATA[Expecting an absolute path of the library: C:\Users\VNatarajan\eclipse-workspace\digital-automation\jacob-1.18-x86.dll]]>
            </message>
            <full-stacktrace>
              <![CDATA[java.lang.UnsatisfiedLinkError: Expecting an absolute path of the library: C:\Users\VNatarajan\eclipse-workspace\digital-automation\jacob-1.18-x86.dll
	at java.lang.Runtime.load0(Runtime.java:806)
	at java.lang.System.load(System.java:1086)
	at com.jacob.com.LibraryLoader.loadJacobLibrary(LibraryLoader.java:151)
	at com.jacob.com.JacobObject.<clinit>(JacobObject.java:110)
	at com.jacob.com.LibraryLoader.loadJacobLibrary(LibraryLoader.java:149)
	at support.ALMConnection.getInstance(ALMConnection.java:42)
	at tests.TestSupporter.testsTearDown(TestSupporter.java:241)
	at sun.reflect.NativeMethodAccessorImpl.invoke0(Native Method)
	at sun.reflect.NativeMethodAccessorImpl.invoke(NativeMethodAccessorImpl.java:62)
	at sun.reflect.DelegatingMethodAccessorImpl.invoke(DelegatingMethodAccessorImpl.java:43)
	at java.lang.reflect.Method.invoke(Method.java:498)
	at org.testng.internal.MethodInvocationHelper.invokeMethod(MethodInvocationHelper.java:80)
	at org.testng.internal.Invoker.invokeConfigurationMethod(Invoker.java:564)
	at org.testng.internal.Invoker.invokeConfigurations(Invoker.java:213)
	at org.testng.internal.Invoker.invokeConfigurations(Invoker.java:138)
	at org.testng.SuiteRunner.privateRun(SuiteRunner.java:308)
	at org.testng.SuiteRunner.run(SuiteRunner.java:240)
	at org.testng.SuiteRunnerWorker.runSuite(SuiteRunnerWorker.java:52)
	at org.testng.SuiteRunnerWorker.run(SuiteRunnerWorker.java:86)
	at org.testng.TestNG.runSuitesSequentially(TestNG.java:1198)
	at org.testng.TestNG.runSuitesLocally(TestNG.java:1123)
	at org.testng.TestNG.run(TestNG.java:1031)
	at org.apache.maven.surefire.testng.TestNGExecutor.run(TestNGExecutor.java:283)
	at org.apache.maven.surefire.testng.TestNGXmlTestSuite.execute(TestNGXmlTestSuite.java:75)
	at org.apache.maven.surefire.testng.TestNGProvider.invoke(TestNGProvider.java:120)
	at org.apache.maven.surefire.booter.ForkedBooter.invokeProviderInSameClassLoader(ForkedBooter.java:386)
	at org.apache.maven.surefire.booter.ForkedBooter.runSuitesInProcess(ForkedBooter.java:323)
	at org.apache.maven.surefire.booter.ForkedBooter.main(ForkedBooter.java:143)
]]>
            </full-stacktrace>
          </exception> <!-- java.lang.UnsatisfiedLinkError -->
          <reporter-output>
          </reporter-output>
        </test-method> <!-- testsTearDown -->
      </class> <!-- tests.myaccount.SearchCustomerTests -->
    </test> <!-- Add Customer With Different Account Types Using Different User Roles Using Chrome -->
  </suite> <!-- Search Customers in Admin Tab -->
</testng-results>
